# Logfile created on 2025-12-09 20:03:35 +0200 by logger.rb/v1.7.0
[2025-12-09 20:03:35 +0200] INFO: Оброблено файл: Ініціалізовано Cart
[2025-12-09 20:03:37 +0200] INFO: Оброблено файл: Item initialized: Enormous Aluminum Watch
[2025-12-09 20:03:37 +0200] INFO: Оброблено файл: Додано товар: Enormous Aluminum Watch
[2025-12-09 20:03:37 +0200] INFO: Оброблено файл: Item initialized: Aerodynamic Rubber Shoes
[2025-12-09 20:03:37 +0200] INFO: Оброблено файл: Додано товар: Aerodynamic Rubber Shoes
[2025-12-09 20:03:37 +0200] INFO: Оброблено файл: Item initialized: Enormous Copper Bench
[2025-12-09 20:03:37 +0200] INFO: Оброблено файл: Додано товар: Enormous Copper Bench
[2025-12-09 20:03:37 +0200] INFO: Оброблено файл: Item initialized: Practical Granite Watch
[2025-12-09 20:03:37 +0200] INFO: Оброблено файл: Додано товар: Practical Granite Watch
[2025-12-09 20:03:37 +0200] INFO: Оброблено файл: Item initialized: Incredible Copper Watch
[2025-12-09 20:03:37 +0200] INFO: Оброблено файл: Додано товар: Incredible Copper Watch
[2025-12-09 20:03:37 +0200] INFO: Оброблено файл: Item initialized: Спеціальний товар
[2025-12-09 20:03:37 +0200] INFO: Оброблено файл: Додано товар: Спеціальний товар
[2025-12-09 20:03:37 +0200] INFO: Оброблено файл: Налаштовано run_website_parser = 1
[2025-12-09 20:03:37 +0200] INFO: Оброблено файл: Налаштовано run_save_to_csv = 1
[2025-12-09 20:03:37 +0200] INFO: Оброблено файл: Налаштовано run_save_to_json = 1
[2025-12-09 20:03:37 +0200] INFO: Оброблено файл: Налаштовано run_save_to_yaml = 1
[2025-12-09 20:03:37 +0200] INFO: Оброблено файл: Налаштовано run_save_to_sqlite = 1
[2025-12-09 20:03:37 +0200] INFO: Оброблено файл: Налаштовано run_save_to_mongodb = 1
[INFO] 2025-12-09 20:03:37 +0200 - Логування ініціалізовано в logs
[INFO] 2025-12-09 20:03:37 +0200 - Engine версії 4.0 ініціалізовано!
[INFO] 2025-12-09 20:03:37 +0200 - --- Початок виконання Engine ---
[INFO] 2025-12-09 20:03:37 +0200 - Архів створено: output/results_v4.zip
[INFO] 2025-12-09 20:03:37 +0200 - --- Завершення виконання Engine ---
[2025-12-09 20:03:37 +0200] INFO: Оброблено файл: Ініціалізовано Cart
[2025-12-09 20:03:37 +0200] INFO: Оброблено файл: Item initialized: Intelligent Steel Shoes
[2025-12-09 20:03:37 +0200] INFO: Оброблено файл: Додано товар: Intelligent Steel Shoes
[2025-12-09 20:03:37 +0200] INFO: Оброблено файл: Item initialized: Awesome Wooden Shirt
[2025-12-09 20:03:37 +0200] INFO: Оброблено файл: Додано товар: Awesome Wooden Shirt
[2025-12-09 20:03:37 +0200] INFO: Оброблено файл: Item initialized: Mediocre Steel Computer
[2025-12-09 20:03:37 +0200] INFO: Оброблено файл: Додано товар: Mediocre Steel Computer
[2025-12-09 20:03:37 +0200] INFO: Оброблено файл: Item initialized: Enormous Wool Car
[2025-12-09 20:03:37 +0200] INFO: Оброблено файл: Додано товар: Enormous Wool Car
[2025-12-09 20:03:37 +0200] INFO: Оброблено файл: Item initialized: Fantastic Copper Bag
[2025-12-09 20:03:37 +0200] INFO: Оброблено файл: Додано товар: Fantastic Copper Bag
[2025-12-09 20:03:37 +0200] INFO: Оброблено файл: Item initialized: Спеціальний товар
[2025-12-09 20:03:37 +0200] INFO: Оброблено файл: Додано товар: Спеціальний товар
[2025-12-09 20:03:37 +0200] INFO: Оброблено файл: Налаштовано run_website_parser = 1
[2025-12-09 20:03:37 +0200] INFO: Оброблено файл: Налаштовано run_save_to_csv = 1
[2025-12-09 20:03:37 +0200] INFO: Оброблено файл: Налаштовано run_save_to_json = 1
[2025-12-09 20:03:37 +0200] INFO: Оброблено файл: Налаштовано run_save_to_yaml = 1
[2025-12-09 20:03:37 +0200] INFO: Оброблено файл: Налаштовано run_save_to_sqlite = 1
[2025-12-09 20:03:37 +0200] INFO: Оброблено файл: Налаштовано run_save_to_mongodb = 1
[INFO] 2025-12-09 20:03:37 +0200 - Логування ініціалізовано в logs
[INFO] 2025-12-09 20:03:37 +0200 - Engine версії 4.0 ініціалізовано!
[INFO] 2025-12-09 20:03:37 +0200 - --- Початок виконання Engine ---
[INFO] 2025-12-09 20:03:37 +0200 - Архів створено: output/results_v4.zip
[INFO] 2025-12-09 20:03:37 +0200 - --- Завершення виконання Engine ---
[2025-12-09 20:04:52 +0200] INFO: Оброблено файл: Ініціалізовано Cart
[2025-12-09 20:04:54 +0200] INFO: Оброблено файл: Item initialized: Ergonomic Wooden Shirt
[2025-12-09 20:04:54 +0200] INFO: Оброблено файл: Додано товар: Ergonomic Wooden Shirt
[2025-12-09 20:04:54 +0200] INFO: Оброблено файл: Item initialized: Fantastic Iron Car
[2025-12-09 20:04:54 +0200] INFO: Оброблено файл: Додано товар: Fantastic Iron Car
[2025-12-09 20:04:54 +0200] INFO: Оброблено файл: Item initialized: Mediocre Concrete Gloves
[2025-12-09 20:04:54 +0200] INFO: Оброблено файл: Додано товар: Mediocre Concrete Gloves
[2025-12-09 20:04:54 +0200] INFO: Оброблено файл: Item initialized: Intelligent Iron Bench
[2025-12-09 20:04:54 +0200] INFO: Оброблено файл: Додано товар: Intelligent Iron Bench
[2025-12-09 20:04:54 +0200] INFO: Оброблено файл: Item initialized: Lightweight Plastic Pants
[2025-12-09 20:04:54 +0200] INFO: Оброблено файл: Додано товар: Lightweight Plastic Pants
[2025-12-09 20:04:54 +0200] INFO: Оброблено файл: Item initialized: Спеціальний товар
[2025-12-09 20:04:54 +0200] INFO: Оброблено файл: Додано товар: Спеціальний товар
[2025-12-09 20:04:54 +0200] INFO: Оброблено файл: Налаштовано run_website_parser = 1
[2025-12-09 20:04:54 +0200] INFO: Оброблено файл: Налаштовано run_save_to_csv = 1
[2025-12-09 20:04:54 +0200] INFO: Оброблено файл: Налаштовано run_save_to_json = 1
[2025-12-09 20:04:54 +0200] INFO: Оброблено файл: Налаштовано run_save_to_yaml = 1
[2025-12-09 20:04:54 +0200] INFO: Оброблено файл: Налаштовано run_save_to_sqlite = 1
[2025-12-09 20:04:54 +0200] INFO: Оброблено файл: Налаштовано run_save_to_mongodb = 1
[INFO] 2025-12-09 20:04:54 +0200 - Логування ініціалізовано в logs
[INFO] 2025-12-09 20:04:54 +0200 - Engine версії 4.0 ініціалізовано!
[INFO] 2025-12-09 20:04:54 +0200 - --- Початок виконання Engine ---
[INFO] 2025-12-09 20:04:54 +0200 - Архів створено: output/results_v4.zip
[INFO] 2025-12-09 20:04:54 +0200 - --- Завершення виконання Engine ---
[2025-12-09 20:04:54 +0200] INFO: Оброблено файл: Ініціалізовано Cart
[2025-12-09 20:04:54 +0200] INFO: Оброблено файл: Item initialized: Aerodynamic Cotton Chair
[2025-12-09 20:04:54 +0200] INFO: Оброблено файл: Додано товар: Aerodynamic Cotton Chair
[2025-12-09 20:04:54 +0200] INFO: Оброблено файл: Item initialized: Mediocre Granite Bag
[2025-12-09 20:04:54 +0200] INFO: Оброблено файл: Додано товар: Mediocre Granite Bag
[2025-12-09 20:04:54 +0200] INFO: Оброблено файл: Item initialized: Small Bronze Plate
[2025-12-09 20:04:54 +0200] INFO: Оброблено файл: Додано товар: Small Bronze Plate
[2025-12-09 20:04:54 +0200] INFO: Оброблено файл: Item initialized: Aerodynamic Marble Plate
[2025-12-09 20:04:54 +0200] INFO: Оброблено файл: Додано товар: Aerodynamic Marble Plate
[2025-12-09 20:04:54 +0200] INFO: Оброблено файл: Item initialized: Sleek Leather Bottle
[2025-12-09 20:04:54 +0200] INFO: Оброблено файл: Додано товар: Sleek Leather Bottle
[2025-12-09 20:04:54 +0200] INFO: Оброблено файл: Item initialized: Спеціальний товар
[2025-12-09 20:04:54 +0200] INFO: Оброблено файл: Додано товар: Спеціальний товар
[2025-12-09 20:04:54 +0200] INFO: Оброблено файл: Налаштовано run_website_parser = 1
[2025-12-09 20:04:54 +0200] INFO: Оброблено файл: Налаштовано run_save_to_csv = 1
[2025-12-09 20:04:54 +0200] INFO: Оброблено файл: Налаштовано run_save_to_json = 1
[2025-12-09 20:04:54 +0200] INFO: Оброблено файл: Налаштовано run_save_to_yaml = 1
[2025-12-09 20:04:54 +0200] INFO: Оброблено файл: Налаштовано run_save_to_sqlite = 1
[2025-12-09 20:04:54 +0200] INFO: Оброблено файл: Налаштовано run_save_to_mongodb = 1
[INFO] 2025-12-09 20:04:54 +0200 - Логування ініціалізовано в logs
[INFO] 2025-12-09 20:04:54 +0200 - Engine версії 4.0 ініціалізовано!
[INFO] 2025-12-09 20:04:54 +0200 - --- Початок виконання Engine ---
[INFO] 2025-12-09 20:04:54 +0200 - Архів створено: output/results_v4.zip
[INFO] 2025-12-09 20:04:54 +0200 - --- Завершення виконання Engine ---
[2025-12-09 21:07:15 +0200] INFO: Оброблено файл: Ініціалізовано Cart
[2025-12-09 21:07:16 +0200] INFO: Оброблено файл: Item initialized: Ergonomic Steel Wallet
[2025-12-09 21:07:16 +0200] INFO: Оброблено файл: Додано товар: Ergonomic Steel Wallet
[2025-12-09 21:07:16 +0200] INFO: Оброблено файл: Item initialized: Small Wool Keyboard
[2025-12-09 21:07:16 +0200] INFO: Оброблено файл: Додано товар: Small Wool Keyboard
[2025-12-09 21:07:16 +0200] INFO: Оброблено файл: Item initialized: Practical Linen Bag
[2025-12-09 21:07:16 +0200] INFO: Оброблено файл: Додано товар: Practical Linen Bag
[2025-12-09 21:07:16 +0200] INFO: Оброблено файл: Item initialized: Fantastic Leather Computer
[2025-12-09 21:07:16 +0200] INFO: Оброблено файл: Додано товар: Fantastic Leather Computer
[2025-12-09 21:07:16 +0200] INFO: Оброблено файл: Item initialized: Fantastic Plastic Keyboard
[2025-12-09 21:07:16 +0200] INFO: Оброблено файл: Додано товар: Fantastic Plastic Keyboard
[2025-12-09 21:07:16 +0200] INFO: Оброблено файл: Item initialized: Спеціальний товар
[2025-12-09 21:07:16 +0200] INFO: Оброблено файл: Додано товар: Спеціальний товар
[2025-12-09 21:07:16 +0200] INFO: Оброблено файл: Налаштовано run_website_parser = 1
[2025-12-09 21:07:16 +0200] INFO: Оброблено файл: Налаштовано run_save_to_csv = 1
[2025-12-09 21:07:16 +0200] INFO: Оброблено файл: Налаштовано run_save_to_json = 1
[2025-12-09 21:07:16 +0200] INFO: Оброблено файл: Налаштовано run_save_to_yaml = 1
[2025-12-09 21:07:16 +0200] INFO: Оброблено файл: Налаштовано run_save_to_sqlite = 1
[2025-12-09 21:07:16 +0200] INFO: Оброблено файл: Налаштовано run_save_to_mongodb = 1
[INFO] 2025-12-09 21:07:16 +0200 - Логування ініціалізовано в logs
[INFO] 2025-12-09 21:07:16 +0200 - Engine версії 4.0 ініціалізовано!
[INFO] 2025-12-09 21:07:16 +0200 - --- Початок виконання Engine ---
[INFO] 2025-12-09 21:07:16 +0200 - Архів створено: output/results_v4.zip
[INFO] 2025-12-09 21:07:16 +0200 - --- Завершення виконання Engine ---
[2025-12-09 21:07:16 +0200] INFO: Оброблено файл: Ініціалізовано Cart
[2025-12-09 21:07:16 +0200] INFO: Оброблено файл: Item initialized: Small Plastic Bottle
[2025-12-09 21:07:16 +0200] INFO: Оброблено файл: Додано товар: Small Plastic Bottle
[2025-12-09 21:07:16 +0200] INFO: Оброблено файл: Item initialized: Synergistic Silk Coat
[2025-12-09 21:07:16 +0200] INFO: Оброблено файл: Додано товар: Synergistic Silk Coat
[2025-12-09 21:07:16 +0200] INFO: Оброблено файл: Item initialized: Durable Marble Shoes
[2025-12-09 21:07:16 +0200] INFO: Оброблено файл: Додано товар: Durable Marble Shoes
[2025-12-09 21:07:16 +0200] INFO: Оброблено файл: Item initialized: Intelligent Steel Gloves
[2025-12-09 21:07:16 +0200] INFO: Оброблено файл: Додано товар: Intelligent Steel Gloves
[2025-12-09 21:07:16 +0200] INFO: Оброблено файл: Item initialized: Mediocre Marble Knife
[2025-12-09 21:07:16 +0200] INFO: Оброблено файл: Додано товар: Mediocre Marble Knife
[2025-12-09 21:07:16 +0200] INFO: Оброблено файл: Item initialized: Спеціальний товар
[2025-12-09 21:07:16 +0200] INFO: Оброблено файл: Додано товар: Спеціальний товар
[2025-12-09 21:07:16 +0200] INFO: Оброблено файл: Налаштовано run_website_parser = 1
[2025-12-09 21:07:16 +0200] INFO: Оброблено файл: Налаштовано run_save_to_csv = 1
[2025-12-09 21:07:16 +0200] INFO: Оброблено файл: Налаштовано run_save_to_json = 1
[2025-12-09 21:07:16 +0200] INFO: Оброблено файл: Налаштовано run_save_to_yaml = 1
[2025-12-09 21:07:16 +0200] INFO: Оброблено файл: Налаштовано run_save_to_sqlite = 1
[2025-12-09 21:07:16 +0200] INFO: Оброблено файл: Налаштовано run_save_to_mongodb = 1
[INFO] 2025-12-09 21:07:16 +0200 - Логування ініціалізовано в logs
[INFO] 2025-12-09 21:07:16 +0200 - Engine версії 4.0 ініціалізовано!
[INFO] 2025-12-09 21:07:16 +0200 - --- Початок виконання Engine ---
[INFO] 2025-12-09 21:07:16 +0200 - Архів створено: output/results_v4.zip
[INFO] 2025-12-09 21:07:16 +0200 - --- Завершення виконання Engine ---
